mode: set
aggregator/service/flight_service.go:14.80,19.2 1 1
aggregator/service/flight_service.go:21.87,23.16 2 1
aggregator/service/flight_service.go:23.16,25.3 1 1
aggregator/service/flight_service.go:27.2,28.16 2 1
aggregator/service/flight_service.go:28.16,30.3 1 1
aggregator/service/flight_service.go:32.2,34.18 2 1
aggregator/service/flight_service.go:35.26,36.27 1 1
aggregator/service/flight_service.go:37.25,38.32 1 1
aggregator/service/flight_service.go:39.34,40.35 1 1
aggregator/service/flight_service.go:41.10,42.27 1 1
aggregator/service/flight_service.go:45.2,45.24 1 1
